Analysis & Synthesis report for Counter_4bits
Fri Apr  5 14:29:46 2024
Quartus Prime Version 21.1.1 Build 850 06/23/2022 SJ Lite Edition


---------------------
; Table of Contents ;
---------------------
  1. Legal Notice
  2. Analysis & Synthesis Summary
  3. Analysis & Synthesis Settings
  4. Parallel Compilation
  5. Analysis & Synthesis Source Files Read
  6. Analysis & Synthesis Resource Usage Summary
  7. Analysis & Synthesis Resource Utilization by Entity
  8. Registers Removed During Synthesis
  9. Removed Registers Triggering Further Register Optimizations
 10. General Register Statistics
 11. Port Connectivity Checks: "decodificador:DEC"
 12. Port Connectivity Checks: "RippleCarryAdder:ADD|FullAdder:FA0"
 13. Port Connectivity Checks: "RippleCarryAdder:ADD"
 14. Post-Synthesis Netlist Statistics for Top Partition
 15. Elapsed Time Per Partition
 16. Analysis & Synthesis Messages



----------------
; Legal Notice ;
----------------
Copyright (C) 2022  Intel Corporation. All rights reserved.
Your use of Intel Corporation's design tools, logic functions 
and other software and tools, and any partner logic 
functions, and any output files from any of the foregoing 
(including device programming or simulation files), and any 
associated documentation or information are expressly subject 
to the terms and conditions of the Intel Program License 
Subscription Agreement, the Intel Quartus Prime License Agreement,
the Intel FPGA IP License Agreement, or other applicable license
agreement, including, without limitation, that your use is for
the sole purpose of programming logic devices manufactured by
Intel and sold by Intel or its authorized distributors.  Please
refer to the applicable agreement for further details, at
https://fpgasoftware.intel.com/eula.



+----------------------------------------------------------------------------------+
; Analysis & Synthesis Summary                                                     ;
+------------------------------------+---------------------------------------------+
; Analysis & Synthesis Status        ; Successful - Fri Apr  5 14:29:46 2024       ;
; Quartus Prime Version              ; 21.1.1 Build 850 06/23/2022 SJ Lite Edition ;
; Revision Name                      ; Counter_4bits                               ;
; Top-level Entity Name              ; Counter_4bits                               ;
; Family                             ; MAX 10                                      ;
; Total logic elements               ; 0                                           ;
;     Total combinational functions  ; 0                                           ;
;     Dedicated logic registers      ; 0                                           ;
; Total registers                    ; 0                                           ;
; Total pins                         ; 9                                           ;
; Total virtual pins                 ; 0                                           ;
; Total memory bits                  ; 0                                           ;
; Embedded Multiplier 9-bit elements ; 0                                           ;
; Total PLLs                         ; 0                                           ;
; UFM blocks                         ; 0                                           ;
; ADC blocks                         ; 0                                           ;
+------------------------------------+---------------------------------------------+


+------------------------------------------------------------------------------------------------------------+
; Analysis & Synthesis Settings                                                                              ;
+------------------------------------------------------------------+--------------------+--------------------+
; Option                                                           ; Setting            ; Default Value      ;
+------------------------------------------------------------------+--------------------+--------------------+
; Device                                                           ; 10M50DAF484C7G     ;                    ;
; Top-level entity name                                            ; Counter_4bits      ; Counter_4bits      ;
; Family name                                                      ; MAX 10             ; Cyclone V          ;
; Type of Retiming Performed During Resynthesis                    ; Full               ;                    ;
; Resynthesis Optimization Effort                                  ; Normal             ;                    ;
; Physical Synthesis Level for Resynthesis                         ; Normal             ;                    ;
; Use Generated Physical Constraints File                          ; On                 ;                    ;
; Use smart compilation                                            ; Off                ; Off                ;
; Enable parallel Assembler and Timing Analyzer during compilation ; On                 ; On                 ;
; Enable compact report table                                      ; Off                ; Off                ;
; Restructure Multiplexers                                         ; Auto               ; Auto               ;
; Create Debugging Nodes for IP Cores                              ; Off                ; Off                ;
; Preserve fewer node names                                        ; On                 ; On                 ;
; Intel FPGA IP Evaluation Mode                                    ; Enable             ; Enable             ;
; Verilog Version                                                  ; Verilog_2001       ; Verilog_2001       ;
; VHDL Version                                                     ; VHDL_1993          ; VHDL_1993          ;
; State Machine Processing                                         ; Auto               ; Auto               ;
; Safe State Machine                                               ; Off                ; Off                ;
; Extract Verilog State Machines                                   ; On                 ; On                 ;
; Extract VHDL State Machines                                      ; On                 ; On                 ;
; Ignore Verilog initial constructs                                ; Off                ; Off                ;
; Iteration limit for constant Verilog loops                       ; 5000               ; 5000               ;
; Iteration limit for non-constant Verilog loops                   ; 250                ; 250                ;
; Add Pass-Through Logic to Inferred RAMs                          ; On                 ; On                 ;
; Infer RAMs from Raw Logic                                        ; On                 ; On                 ;
; Parallel Synthesis                                               ; On                 ; On                 ;
; DSP Block Balancing                                              ; Auto               ; Auto               ;
; NOT Gate Push-Back                                               ; On                 ; On                 ;
; Power-Up Don't Care                                              ; On                 ; On                 ;
; Remove Redundant Logic Cells                                     ; Off                ; Off                ;
; Remove Duplicate Registers                                       ; On                 ; On                 ;
; Ignore CARRY Buffers                                             ; Off                ; Off                ;
; Ignore CASCADE Buffers                                           ; Off                ; Off                ;
; Ignore GLOBAL Buffers                                            ; Off                ; Off                ;
; Ignore ROW GLOBAL Buffers                                        ; Off                ; Off                ;
; Ignore LCELL Buffers                                             ; Off                ; Off                ;
; Ignore SOFT Buffers                                              ; On                 ; On                 ;
; Limit AHDL Integers to 32 Bits                                   ; Off                ; Off                ;
; Optimization Technique                                           ; Balanced           ; Balanced           ;
; Carry Chain Length                                               ; 70                 ; 70                 ;
; Auto Carry Chains                                                ; On                 ; On                 ;
; Auto Open-Drain Pins                                             ; On                 ; On                 ;
; Perform WYSIWYG Primitive Resynthesis                            ; Off                ; Off                ;
; Auto ROM Replacement                                             ; On                 ; On                 ;
; Auto RAM Replacement                                             ; On                 ; On                 ;
; Auto DSP Block Replacement                                       ; On                 ; On                 ;
; Auto Shift Register Replacement                                  ; Auto               ; Auto               ;
; Allow Shift Register Merging across Hierarchies                  ; Auto               ; Auto               ;
; Auto Clock Enable Replacement                                    ; On                 ; On                 ;
; Strict RAM Replacement                                           ; Off                ; Off                ;
; Allow Synchronous Control Signals                                ; On                 ; On                 ;
; Force Use of Synchronous Clear Signals                           ; Off                ; Off                ;
; Auto RAM Block Balancing                                         ; On                 ; On                 ;
; Auto RAM to Logic Cell Conversion                                ; Off                ; Off                ;
; Auto Resource Sharing                                            ; Off                ; Off                ;
; Allow Any RAM Size For Recognition                               ; Off                ; Off                ;
; Allow Any ROM Size For Recognition                               ; Off                ; Off                ;
; Allow Any Shift Register Size For Recognition                    ; Off                ; Off                ;
; Use LogicLock Constraints during Resource Balancing              ; On                 ; On                 ;
; Ignore translate_off and synthesis_off directives                ; Off                ; Off                ;
; Timing-Driven Synthesis                                          ; On                 ; On                 ;
; Report Parameter Settings                                        ; On                 ; On                 ;
; Report Source Assignments                                        ; On                 ; On                 ;
; Report Connectivity Checks                                       ; On                 ; On                 ;
; Ignore Maximum Fan-Out Assignments                               ; Off                ; Off                ;
; Synchronization Register Chain Length                            ; 2                  ; 2                  ;
; Power Optimization During Synthesis                              ; Normal compilation ; Normal compilation ;
; HDL message level                                                ; Level2             ; Level2             ;
; Suppress Register Optimization Related Messages                  ; Off                ; Off                ;
; Number of Removed Registers Reported in Synthesis Report         ; 5000               ; 5000               ;
; Number of Swept Nodes Reported in Synthesis Report               ; 5000               ; 5000               ;
; Number of Inverted Registers Reported in Synthesis Report        ; 100                ; 100                ;
; Clock MUX Protection                                             ; On                 ; On                 ;
; Auto Gated Clock Conversion                                      ; Off                ; Off                ;
; Block Design Naming                                              ; Auto               ; Auto               ;
; SDC constraint protection                                        ; Off                ; Off                ;
; Synthesis Effort                                                 ; Auto               ; Auto               ;
; Shift Register Replacement - Allow Asynchronous Clear Signal     ; On                 ; On                 ;
; Pre-Mapping Resynthesis Optimization                             ; Off                ; Off                ;
; Analysis & Synthesis Message Level                               ; Medium             ; Medium             ;
; Disable Register Merging Across Hierarchies                      ; Auto               ; Auto               ;
; Resource Aware Inference For Block RAM                           ; On                 ; On                 ;
+------------------------------------------------------------------+--------------------+--------------------+


+------------------------------------------+
; Parallel Compilation                     ;
+----------------------------+-------------+
; Processors                 ; Number      ;
+----------------------------+-------------+
; Number detected on machine ; 16          ;
; Maximum allowed            ; 16          ;
;                            ;             ;
; Average used               ; 1.00        ;
; Maximum used               ; 1           ;
;                            ;             ;
; Usage by Processor         ; % Time Used ;
;     Processor 1            ; 100.0%      ;
+----------------------------+-------------+


+------------------------------------------------------------------------------------------------------------------------------------------------------------------+
; Analysis & Synthesis Source Files Read                                                                                                                           ;
+----------------------------------+-----------------+-----------------+---------------------------------------------------------------------------------+---------+
; File Name with User-Entered Path ; Used in Netlist ; File Type       ; File Name with Absolute Path                                                    ; Library ;
+----------------------------------+-----------------+-----------------+---------------------------------------------------------------------------------+---------+
; Counter_4bits.vhd                ; yes             ; User VHDL File  ; C:/Users/gabri/OneDrive/Área de Trabalho/Raissa/trabalho2/Counter_4bits.vhd    ;         ;
; decodificador.vhd                ; yes             ; User VHDL File  ; C:/Users/gabri/OneDrive/Área de Trabalho/Raissa/trabalho2/decodificador.vhd    ;         ;
; FlipFlop_D.vhd                   ; yes             ; User VHDL File  ; C:/Users/gabri/OneDrive/Área de Trabalho/Raissa/trabalho2/FlipFlop_D.vhd       ;         ;
; FullAdder.vhd                    ; yes             ; User VHDL File  ; C:/Users/gabri/OneDrive/Área de Trabalho/Raissa/trabalho2/FullAdder.vhd        ;         ;
; Register_4bits.vhd               ; yes             ; User VHDL File  ; C:/Users/gabri/OneDrive/Área de Trabalho/Raissa/trabalho2/Register_4bits.vhd   ;         ;
; RippleCarryAdder.vhd             ; yes             ; User VHDL File  ; C:/Users/gabri/OneDrive/Área de Trabalho/Raissa/trabalho2/RippleCarryAdder.vhd ;         ;
+----------------------------------+-----------------+-----------------+---------------------------------------------------------------------------------+---------+


+-----------------------------------------------------+
; Analysis & Synthesis Resource Usage Summary         ;
+---------------------------------------------+-------+
; Resource                                    ; Usage ;
+---------------------------------------------+-------+
;                                             ;       ;
; Total combinational functions               ; 0     ;
; Logic element usage by number of LUT inputs ;       ;
;     -- 4 input functions                    ; 0     ;
;     -- 3 input functions                    ; 0     ;
;     -- <=2 input functions                  ; 0     ;
;                                             ;       ;
; Logic elements by mode                      ;       ;
;     -- normal mode                          ; 0     ;
;     -- arithmetic mode                      ; 0     ;
;                                             ;       ;
; Total registers                             ; 0     ;
;     -- Dedicated logic registers            ; 0     ;
;     -- I/O registers                        ; 0     ;
;                                             ;       ;
; I/O pins                                    ; 9     ;
;                                             ;       ;
; Embedded Multiplier 9-bit elements          ; 0     ;
;                                             ;       ;
; Maximum fan-out node                        ; CLK   ;
; Maximum fan-out                             ; 1     ;
; Total fan-out                               ; 9     ;
; Average fan-out                             ; 0.50  ;
+---------------------------------------------+-------+


+--------------------------------------------------------------------------------------------------------------------------------------------------------------------------------------------------------------------------------------+
; Analysis & Synthesis Resource Utilization by Entity                                                                                                                                                                                  ;
+----------------------------+---------------------+---------------------------+-------------+------------+--------------+---------+-----------+------+--------------+------------+---------------------+---------------+--------------+
; Compilation Hierarchy Node ; Combinational ALUTs ; Dedicated Logic Registers ; Memory Bits ; UFM Blocks ; DSP Elements ; DSP 9x9 ; DSP 18x18 ; Pins ; Virtual Pins ; ADC blocks ; Full Hierarchy Name ; Entity Name   ; Library Name ;
+----------------------------+---------------------+---------------------------+-------------+------------+--------------+---------+-----------+------+--------------+------------+---------------------+---------------+--------------+
; |Counter_4bits             ; 0 (0)               ; 0 (0)                     ; 0           ; 0          ; 0            ; 0       ; 0         ; 9    ; 0            ; 0          ; |Counter_4bits      ; Counter_4bits ; work         ;
+----------------------------+---------------------+---------------------------+-------------+------------+--------------+---------+-----------+------+--------------+------------+---------------------+---------------+--------------+
Note: For table entries with two numbers listed, the numbers in parentheses indicate the number of resources of the given type used by the specific entity alone. The numbers listed outside of parentheses indicate the total resources of the given type used by the specific entity and all of its sub-entities in the hierarchy.


+---------------------------------------------------------------------------------+
; Registers Removed During Synthesis                                              ;
+----------------------------------------+----------------------------------------+
; Register name                          ; Reason for Removal                     ;
+----------------------------------------+----------------------------------------+
; Register_4bits:REG|Q[4..6]             ; Stuck at GND due to stuck port data_in ;
; Register_4bits:REG|FlipFlop_D:FF3|Q    ; Stuck at GND due to stuck port data_in ;
; Register_4bits:REG|FlipFlop_D:FF2|Q    ; Stuck at GND due to stuck port data_in ;
; Register_4bits:REG|FlipFlop_D:FF1|Q    ; Stuck at GND due to stuck port data_in ;
; Register_4bits:REG|FlipFlop_D:FF0|Q    ; Stuck at GND due to stuck port data_in ;
; Register_4bits:REG|Q[0..3]             ; Stuck at GND due to stuck port data_in ;
; Total Number of Removed Registers = 11 ;                                        ;
+----------------------------------------+----------------------------------------+


+----------------------------------------------------------------------------------------------------------+
; Removed Registers Triggering Further Register Optimizations                                              ;
+-------------------------------------+---------------------------+----------------------------------------+
; Register name                       ; Reason for Removal        ; Registers Removed due to This Register ;
+-------------------------------------+---------------------------+----------------------------------------+
; Register_4bits:REG|FlipFlop_D:FF3|Q ; Stuck at GND              ; Register_4bits:REG|Q[3]                ;
;                                     ; due to stuck port data_in ;                                        ;
; Register_4bits:REG|FlipFlop_D:FF2|Q ; Stuck at GND              ; Register_4bits:REG|Q[2]                ;
;                                     ; due to stuck port data_in ;                                        ;
; Register_4bits:REG|FlipFlop_D:FF1|Q ; Stuck at GND              ; Register_4bits:REG|Q[1]                ;
;                                     ; due to stuck port data_in ;                                        ;
; Register_4bits:REG|FlipFlop_D:FF0|Q ; Stuck at GND              ; Register_4bits:REG|Q[0]                ;
;                                     ; due to stuck port data_in ;                                        ;
+-------------------------------------+---------------------------+----------------------------------------+


+------------------------------------------------------+
; General Register Statistics                          ;
+----------------------------------------------+-------+
; Statistic                                    ; Value ;
+----------------------------------------------+-------+
; Total registers                              ; 0     ;
; Number of registers using Synchronous Clear  ; 0     ;
; Number of registers using Synchronous Load   ; 0     ;
; Number of registers using Asynchronous Clear ; 0     ;
; Number of registers using Asynchronous Load  ; 0     ;
; Number of registers using Clock Enable       ; 0     ;
; Number of registers using Preset             ; 0     ;
+----------------------------------------------+-------+


+----------------------------------------------------------------------------------------------------------------+
; Port Connectivity Checks: "decodificador:DEC"                                                                  ;
+------+--------+----------+-------------------------------------------------------------------------------------+
; Port ; Type   ; Severity ; Details                                                                             ;
+------+--------+----------+-------------------------------------------------------------------------------------+
; y    ; Output ; Info     ; Connected to dangling logic. Logic that only feeds a dangling port will be removed. ;
+------+--------+----------+-------------------------------------------------------------------------------------+


+----------------------------------------------------------------+
; Port Connectivity Checks: "RippleCarryAdder:ADD|FullAdder:FA0" ;
+------+-------+----------+--------------------------------------+
; Port ; Type  ; Severity ; Details                              ;
+------+-------+----------+--------------------------------------+
; cin  ; Input ; Info     ; Stuck at GND                         ;
+------+-------+----------+--------------------------------------+


+---------------------------------------------------------------------------------------------------------------------+
; Port Connectivity Checks: "RippleCarryAdder:ADD"                                                                    ;
+-----------+--------+----------+-------------------------------------------------------------------------------------+
; Port      ; Type   ; Severity ; Details                                                                             ;
+-----------+--------+----------+-------------------------------------------------------------------------------------+
; b[3..1]   ; Input  ; Info     ; Stuck at GND                                                                        ;
; b[0]      ; Input  ; Info     ; Stuck at VCC                                                                        ;
; sum       ; Output ; Info     ; Connected to dangling logic. Logic that only feeds a dangling port will be removed. ;
; carry_out ; Output ; Info     ; Connected to dangling logic. Logic that only feeds a dangling port will be removed. ;
+-----------+--------+----------+-------------------------------------------------------------------------------------+


+-----------------------------------------------------+
; Post-Synthesis Netlist Statistics for Top Partition ;
+-----------------------+-----------------------------+
; Type                  ; Count                       ;
+-----------------------+-----------------------------+
; boundary_port         ; 9                           ;
; cycloneiii_lcell_comb ; 1                           ;
;     normal            ; 1                           ;
;         0 data inputs ; 1                           ;
;                       ;                             ;
; Max LUT depth         ; 0.00                        ;
; Average LUT depth     ; 0.00                        ;
+-----------------------+-----------------------------+


+-------------------------------+
; Elapsed Time Per Partition    ;
+----------------+--------------+
; Partition Name ; Elapsed Time ;
+----------------+--------------+
; Top            ; 00:00:00     ;
+----------------+--------------+


+-------------------------------+
; Analysis & Synthesis Messages ;
+-------------------------------+
Info: *******************************************************************
Info: Running Quartus Prime Analysis & Synthesis
    Info: Version 21.1.1 Build 850 06/23/2022 SJ Lite Edition
    Info: Processing started: Fri Apr  5 14:29:40 2024
Info: Command: quartus_map --read_settings_files=on --write_settings_files=off Counter_4bits -c Counter_4bits
Warning (18236): Number of processors has not been specified which may cause overloading on shared machines.  Set the global assignment NUM_PARALLEL_PROCESSORS in your QSF to an appropriate value for best performance.
Info (20030): Parallel compilation is enabled and will use 16 of the 16 processors detected
Info (12021): Found 2 design units, including 1 entities, in source file counter_4bits.vhd
    Info (12022): Found design unit 1: Counter_4bits-synth File: C:/Users/gabri/OneDrive/Área de Trabalho/Raissa/trabalho2/Counter_4bits.vhd Line: 11
    Info (12023): Found entity 1: Counter_4bits File: C:/Users/gabri/OneDrive/Área de Trabalho/Raissa/trabalho2/Counter_4bits.vhd Line: 4
Info (12021): Found 2 design units, including 1 entities, in source file decodificador.vhd
    Info (12022): Found design unit 1: decodificador-synth File: C:/Users/gabri/OneDrive/Área de Trabalho/Raissa/trabalho2/decodificador.vhd Line: 11
    Info (12023): Found entity 1: decodificador File: C:/Users/gabri/OneDrive/Área de Trabalho/Raissa/trabalho2/decodificador.vhd Line: 4
Info (12021): Found 2 design units, including 1 entities, in source file flipflop_d.vhd
    Info (12022): Found design unit 1: FlipFlop_D-synth File: C:/Users/gabri/OneDrive/Área de Trabalho/Raissa/trabalho2/FlipFlop_D.vhd Line: 10
    Info (12023): Found entity 1: FlipFlop_D File: C:/Users/gabri/OneDrive/Área de Trabalho/Raissa/trabalho2/FlipFlop_D.vhd Line: 4
Info (12021): Found 2 design units, including 1 entities, in source file fulladder.vhd
    Info (12022): Found design unit 1: FullAdder-synth File: C:/Users/gabri/OneDrive/Área de Trabalho/Raissa/trabalho2/FullAdder.vhd Line: 12
    Info (12023): Found entity 1: FullAdder File: C:/Users/gabri/OneDrive/Área de Trabalho/Raissa/trabalho2/FullAdder.vhd Line: 4
Info (12021): Found 2 design units, including 1 entities, in source file register_4bits.vhd
    Info (12022): Found design unit 1: Register_4bits-synth File: C:/Users/gabri/OneDrive/Área de Trabalho/Raissa/trabalho2/Register_4bits.vhd Line: 10
    Info (12023): Found entity 1: Register_4bits File: C:/Users/gabri/OneDrive/Área de Trabalho/Raissa/trabalho2/Register_4bits.vhd Line: 4
Info (12021): Found 2 design units, including 1 entities, in source file ripplecarryadder.vhd
    Info (12022): Found design unit 1: RippleCarryAdder-synth File: C:/Users/gabri/OneDrive/Área de Trabalho/Raissa/trabalho2/RippleCarryAdder.vhd Line: 12
    Info (12023): Found entity 1: RippleCarryAdder File: C:/Users/gabri/OneDrive/Área de Trabalho/Raissa/trabalho2/RippleCarryAdder.vhd Line: 4
Warning (12162): EDA synthesis tool is specified as "Custom", but Library Mapping File is not specified
Warning (12163): EDA synthesis tool is specified as "Custom", but VCC is not specified
Warning (12164): EDA synthesis tool is specified as "Custom", but GND is not specified
Info (12127): Elaborating entity "Counter_4bits" for the top level hierarchy
Warning (10541): VHDL Signal Declaration warning at Counter_4bits.vhd(12): used implicit default value for signal "count_value" because signal was never assigned a value or an explicit default value. Use of implicit default value may introduce unintended design optimizations. File: C:/Users/gabri/OneDrive/Área de Trabalho/Raissa/trabalho2/Counter_4bits.vhd Line: 12
Warning (10036): Verilog HDL or VHDL warning at Counter_4bits.vhd(34): object "incremented_value" assigned a value but never read File: C:/Users/gabri/OneDrive/Área de Trabalho/Raissa/trabalho2/Counter_4bits.vhd Line: 34
Warning (10036): Verilog HDL or VHDL warning at Counter_4bits.vhd(35): object "decoded_value" assigned a value but never read File: C:/Users/gabri/OneDrive/Área de Trabalho/Raissa/trabalho2/Counter_4bits.vhd Line: 35
Info (12128): Elaborating entity "Register_4bits" for hierarchy "Register_4bits:REG" File: C:/Users/gabri/OneDrive/Área de Trabalho/Raissa/trabalho2/Counter_4bits.vhd Line: 39
Warning (10873): Using initial value X (don't care) for net "Q_temp[6..4]" at Register_4bits.vhd(17) File: C:/Users/gabri/OneDrive/Área de Trabalho/Raissa/trabalho2/Register_4bits.vhd Line: 17
Info (12128): Elaborating entity "FlipFlop_D" for hierarchy "Register_4bits:REG|FlipFlop_D:FF0" File: C:/Users/gabri/OneDrive/Área de Trabalho/Raissa/trabalho2/Register_4bits.vhd Line: 24
Info (12128): Elaborating entity "RippleCarryAdder" for hierarchy "RippleCarryAdder:ADD" File: C:/Users/gabri/OneDrive/Área de Trabalho/Raissa/trabalho2/Counter_4bits.vhd Line: 45
Info (12128): Elaborating entity "FullAdder" for hierarchy "RippleCarryAdder:ADD|FullAdder:FA0" File: C:/Users/gabri/OneDrive/Área de Trabalho/Raissa/trabalho2/RippleCarryAdder.vhd Line: 24
Info (12128): Elaborating entity "decodificador" for hierarchy "decodificador:DEC" File: C:/Users/gabri/OneDrive/Área de Trabalho/Raissa/trabalho2/Counter_4bits.vhd Line: 53
Warning (12162): EDA synthesis tool is specified as "Custom", but Library Mapping File is not specified
Warning (12163): EDA synthesis tool is specified as "Custom", but VCC is not specified
Warning (12164): EDA synthesis tool is specified as "Custom", but GND is not specified
Warning (13024): Output pins are stuck at VCC or GND
    Warning (13410): Pin "COUNT_OUT[0]" is stuck at GND File: C:/Users/gabri/OneDrive/Área de Trabalho/Raissa/trabalho2/Counter_4bits.vhd Line: 7
    Warning (13410): Pin "COUNT_OUT[1]" is stuck at GND File: C:/Users/gabri/OneDrive/Área de Trabalho/Raissa/trabalho2/Counter_4bits.vhd Line: 7
    Warning (13410): Pin "COUNT_OUT[2]" is stuck at GND File: C:/Users/gabri/OneDrive/Área de Trabalho/Raissa/trabalho2/Counter_4bits.vhd Line: 7
    Warning (13410): Pin "COUNT_OUT[3]" is stuck at GND File: C:/Users/gabri/OneDrive/Área de Trabalho/Raissa/trabalho2/Counter_4bits.vhd Line: 7
    Warning (13410): Pin "COUNT_OUT[4]" is stuck at GND File: C:/Users/gabri/OneDrive/Área de Trabalho/Raissa/trabalho2/Counter_4bits.vhd Line: 7
    Warning (13410): Pin "COUNT_OUT[5]" is stuck at GND File: C:/Users/gabri/OneDrive/Área de Trabalho/Raissa/trabalho2/Counter_4bits.vhd Line: 7
    Warning (13410): Pin "COUNT_OUT[6]" is stuck at GND File: C:/Users/gabri/OneDrive/Área de Trabalho/Raissa/trabalho2/Counter_4bits.vhd Line: 7
Info (16010): Generating hard_block partition "hard_block:auto_generated_inst"
    Info (16011): Adding 0 node(s), including 0 DDIO, 0 PLL, 0 transceiver and 0 LCELL
Warning (21074): Design contains 2 input pin(s) that do not drive logic
    Warning (15610): No output dependent on input pin "CLK" File: C:/Users/gabri/OneDrive/Área de Trabalho/Raissa/trabalho2/Counter_4bits.vhd Line: 5
    Warning (15610): No output dependent on input pin "RESET" File: C:/Users/gabri/OneDrive/Área de Trabalho/Raissa/trabalho2/Counter_4bits.vhd Line: 6
Info (21057): Implemented 9 device resources after synthesis - the final resource count might be different
    Info (21058): Implemented 2 input pins
    Info (21059): Implemented 7 output pins
Info: Quartus Prime Analysis & Synthesis was successful. 0 errors, 22 warnings
    Info: Peak virtual memory: 4797 megabytes
    Info: Processing ended: Fri Apr  5 14:29:46 2024
    Info: Elapsed time: 00:00:06
    Info: Total CPU time (on all processors): 00:00:08


